c:\users\yanyee\onedrive\documents\sutd\subjects\istd term 7\graphics and visualisation\project\gv_proj\debug\vc140.pdb
c:\users\yanyee\onedrive\documents\sutd\subjects\istd term 7\graphics and visualisation\project\gv_proj\debug\vc140.idb
c:\users\yanyee\onedrive\documents\sutd\subjects\istd term 7\graphics and visualisation\project\gv_proj\debug\bitmap.obj
c:\users\yanyee\onedrive\documents\sutd\subjects\istd term 7\graphics and visualisation\project\gv_proj\debug\joint.obj
c:\users\yanyee\onedrive\documents\sutd\subjects\istd term 7\graphics and visualisation\project\gv_proj\debug\matrixstack.obj
c:\users\yanyee\onedrive\documents\sutd\subjects\istd term 7\graphics and visualisation\project\gv_proj\debug\mesh.obj
c:\users\yanyee\onedrive\documents\sutd\subjects\istd term 7\graphics and visualisation\project\gv_proj\debug\movement.obj
c:\users\yanyee\onedrive\documents\sutd\subjects\istd term 7\graphics and visualisation\project\gv_proj\debug\skeletalmodel.obj
c:\users\yanyee\onedrive\documents\sutd\subjects\istd term 7\graphics and visualisation\project\gv_proj\debug\matrix2f.obj
c:\users\yanyee\onedrive\documents\sutd\subjects\istd term 7\graphics and visualisation\project\gv_proj\debug\matrix3f.obj
c:\users\yanyee\onedrive\documents\sutd\subjects\istd term 7\graphics and visualisation\project\gv_proj\debug\matrix4f.obj
c:\users\yanyee\onedrive\documents\sutd\subjects\istd term 7\graphics and visualisation\project\gv_proj\debug\quat4f.obj
c:\users\yanyee\onedrive\documents\sutd\subjects\istd term 7\graphics and visualisation\project\gv_proj\debug\vector2f.obj
c:\users\yanyee\onedrive\documents\sutd\subjects\istd term 7\graphics and visualisation\project\gv_proj\debug\vector3f.obj
c:\users\yanyee\onedrive\documents\sutd\subjects\istd term 7\graphics and visualisation\project\gv_proj\debug\vector4f.obj
c:\users\yanyee\onedrive\documents\sutd\subjects\istd term 7\graphics and visualisation\project\gv_proj\debug\main.obj
c:\users\yanyee\onedrive\documents\sutd\subjects\istd term 7\graphics and visualisation\project\gv_proj\debug\modelerapp.obj
c:\users\yanyee\onedrive\documents\sutd\subjects\istd term 7\graphics and visualisation\project\gv_proj\debug\modelerui.obj
c:\users\yanyee\onedrive\documents\sutd\subjects\istd term 7\graphics and visualisation\project\gv_proj\debug\modelerview.obj
c:\users\yanyee\onedrive\documents\sutd\subjects\istd term 7\graphics and visualisation\project\gv_proj\debug\camera.obj
c:\users\yanyee\onedrive\documents\sutd\subjects\istd term 7\graphics and visualisation\project\gv_proj\debug\bvh.obj
c:\users\yanyee\onedrive\documents\sutd\subjects\istd term 7\graphics and visualisation\project\gv_proj\debug\skeletalmodel_bvh.obj
c:\users\yanyee\onedrive\documents\sutd\subjects\istd term 7\graphics and visualisation\project\gv_proj\debug\gv_proj.ilk
c:\users\yanyee\onedrive\documents\sutd\subjects\istd term 7\graphics and visualisation\project\gv_proj\debug\gv_proj.exe
c:\users\yanyee\onedrive\documents\sutd\subjects\istd term 7\graphics and visualisation\project\gv_proj\debug\gv_proj.pdb
c:\users\yanyee\onedrive\documents\sutd\subjects\istd term 7\graphics and visualisation\project\gv_proj\debug\a2.ilk
c:\users\yanyee\onedrive\documents\sutd\subjects\istd term 7\graphics and visualisation\project\gv_proj\debug\a2.pdb
c:\users\yanyee\onedrive\documents\sutd\subjects\istd term 7\graphics and visualisation\project\gv_proj\debug\gv_proj.tlog\cl.command.1.tlog
c:\users\yanyee\onedrive\documents\sutd\subjects\istd term 7\graphics and visualisation\project\gv_proj\debug\gv_proj.tlog\cl.read.1.tlog
c:\users\yanyee\onedrive\documents\sutd\subjects\istd term 7\graphics and visualisation\project\gv_proj\debug\gv_proj.tlog\cl.write.1.tlog
c:\users\yanyee\onedrive\documents\sutd\subjects\istd term 7\graphics and visualisation\project\gv_proj\debug\gv_proj.tlog\link.command.1.tlog
c:\users\yanyee\onedrive\documents\sutd\subjects\istd term 7\graphics and visualisation\project\gv_proj\debug\gv_proj.tlog\link.read.1.tlog
c:\users\yanyee\onedrive\documents\sutd\subjects\istd term 7\graphics and visualisation\project\gv_proj\debug\gv_proj.tlog\link.write.1.tlog
